# Logfile created on 2014-01-05 08:18:20 +0200 by logger.rb/41954
I, [2014-01-05T08:18:20.783626 #7592]  INFO -- : 0:  RedCloth (4.2.9) from C:/Ruby200-x64/lib/ruby/gems/2.0.0/specifications/RedCloth-4.2.9.gemspec
I, [2014-01-05T08:18:20.785338 #7592]  INFO -- : 0:  blankslate (2.1.2.4) from C:/Ruby200-x64/lib/ruby/gems/2.0.0/specifications/blankslate-2.1.2.4.gemspec
I, [2014-01-05T08:18:20.786548 #7592]  INFO -- : 0:  fast-stemmer (1.0.2) from C:/Ruby200-x64/lib/ruby/gems/2.0.0/specifications/fast-stemmer-1.0.2.gemspec
I, [2014-01-05T08:18:20.787551 #7592]  INFO -- : 0:  classifier (1.3.3) from C:/Ruby200-x64/lib/ruby/gems/2.0.0/specifications/classifier-1.3.3.gemspec
I, [2014-01-05T08:18:20.788550 #7592]  INFO -- : 0:  colorator (0.1) from C:/Ruby200-x64/lib/ruby/gems/2.0.0/specifications/colorator-0.1.gemspec
I, [2014-01-05T08:18:20.789552 #7592]  INFO -- : 0:  highline (1.6.20) from C:/Ruby200-x64/lib/ruby/gems/2.0.0/specifications/highline-1.6.20.gemspec
I, [2014-01-05T08:18:20.790553 #7592]  INFO -- : 0:  commander (4.1.5) from C:/Ruby200-x64/lib/ruby/gems/2.0.0/specifications/commander-4.1.5.gemspec
I, [2014-01-05T08:18:20.791553 #7592]  INFO -- : 0:  ffi (1.9.3) from C:/Ruby200-x64/lib/ruby/gems/2.0.0/specifications/ffi-1.9.3-x64-mingw32.gemspec
I, [2014-01-05T08:18:20.794462 #7592]  INFO -- : 0:  liquid (2.5.4) from C:/Ruby200-x64/lib/ruby/gems/2.0.0/specifications/liquid-2.5.4.gemspec
I, [2014-01-05T08:18:20.795464 #7592]  INFO -- : 0:  rb-fsevent (0.9.3) from C:/Ruby200-x64/lib/ruby/gems/2.0.0/specifications/rb-fsevent-0.9.3.gemspec
I, [2014-01-05T08:18:20.796501 #7592]  INFO -- : 0:  rb-inotify (0.9.3) from C:/Ruby200-x64/lib/ruby/gems/2.0.0/specifications/rb-inotify-0.9.3.gemspec
I, [2014-01-05T08:18:20.797465 #7592]  INFO -- : 0:  rb-kqueue (0.2.0) from C:/Ruby200-x64/lib/ruby/gems/2.0.0/specifications/rb-kqueue-0.2.0.gemspec
I, [2014-01-05T08:18:20.798466 #7592]  INFO -- : 0:  listen (1.3.1) from C:/Ruby200-x64/lib/ruby/gems/2.0.0/specifications/listen-1.3.1.gemspec
I, [2014-01-05T08:18:20.799467 #7592]  INFO -- : 0:  maruku (0.7.0) from C:/Ruby200-x64/lib/ruby/gems/2.0.0/specifications/maruku-0.7.0.gemspec
I, [2014-01-05T08:18:20.800467 #7592]  INFO -- : 0:  posix-spawn (0.3.8) from C:/Ruby200-x64/lib/ruby/gems/2.0.0/specifications/posix-spawn-0.3.8.gemspec
I, [2014-01-05T08:18:20.801468 #7592]  INFO -- : 0:  yajl-ruby (1.1.0) from C:/Ruby200-x64/lib/ruby/gems/2.0.0/specifications/yajl-ruby-1.1.0.gemspec
I, [2014-01-05T08:18:20.802468 #7592]  INFO -- : 0:  pygments.rb (0.5.0) from C:/Ruby200-x64/lib/ruby/gems/2.0.0/specifications/pygments.rb-0.5.0.gemspec
I, [2014-01-05T08:18:20.803469 #7592]  INFO -- : 0:  redcarpet (2.3.0) from C:/Ruby200-x64/lib/ruby/gems/2.0.0/specifications/redcarpet-2.3.0.gemspec
I, [2014-01-05T08:18:20.804471 #7592]  INFO -- : 0:  safe_yaml (0.9.7) from C:/Ruby200-x64/lib/ruby/gems/2.0.0/specifications/safe_yaml-0.9.7.gemspec
I, [2014-01-05T08:18:20.805470 #7592]  INFO -- : 0:  parslet (1.5.0) from C:/Ruby200-x64/lib/ruby/gems/2.0.0/specifications/parslet-1.5.0.gemspec
I, [2014-01-05T08:18:20.806471 #7592]  INFO -- : 0:  toml (0.1.0) from C:/Ruby200-x64/lib/ruby/gems/2.0.0/specifications/toml-0.1.0.gemspec
I, [2014-01-05T08:18:20.807472 #7592]  INFO -- : 0:  jekyll (1.4.2) from C:/Ruby200-x64/lib/ruby/gems/2.0.0/specifications/jekyll-1.4.2.gemspec
I, [2014-01-05T08:18:20.808365 #7592]  INFO -- : 0:  kramdown (1.2.0) from C:/Ruby200-x64/lib/ruby/gems/2.0.0/specifications/kramdown-1.2.0.gemspec
I, [2014-01-05T08:18:20.811370 #7592]  INFO -- : 0:  rdiscount (2.1.7) from C:/Ruby200-x64/lib/ruby/gems/2.0.0/specifications/rdiscount-2.1.7.gemspec
I, [2014-01-05T08:18:20.812371 #7592]  INFO -- : 0:  github-pages (12) from C:/Ruby200-x64/lib/ruby/gems/2.0.0/specifications/github-pages-12.gemspec
I, [2014-01-05T08:18:20.813371 #7592]  INFO -- : 0:  wdm (0.1.0) from C:/Ruby200-x64/lib/ruby/gems/2.0.0/specifications/wdm-0.1.0.gemspec
I, [2014-01-05T08:18:20.814372 #7592]  INFO -- : 0:  bundler (1.5.0) from C:/Ruby200-x64/lib/ruby/gems/2.0.0/specifications/bundler-1.5.0.gemspec
